[debug] > Exec(test, None, None)
[debug] Evaluating tasks: Test / test
[debug] Running task... Cancel: Signal, check cycles: false, forcegc: true
[info] compiling 3 Scala sources to E:\SparkScalaCourse\Datumo_recruitment_assignment\target\scala-2.13\classes ...
[info] Non-compiled module 'compiler-bridge_2.13' for Scala 2.13.8. Compiling...
[info]   Compilation completed in 18.807s.
[warn] E:\SparkScalaCourse\Datumo_recruitment_assignment\src\main\scala\FileIO.scala:26:46: match may not be exhaustive.
[warn] It would fail on the following inputs: List(_), Nil
[warn]     val tuples: List[(Int, Int)] = lines.map { case List(a, b) => (a, b) }
[warn]                                              ^
[warn] 3 deprecations (since 2.13.3); re-run with -deprecation for details
[warn] two warnings found
[info] done compiling
[info] compiling 2 Scala sources to E:\SparkScalaCourse\Datumo_recruitment_assignment\target\scala-2.13\test-classes ...
[info] done compiling
[info] PairFinderTests:
[info] - PairFinder.task_algorithm() should return valid list of pair's
[info] - PairFinder.task_algorithm() should return empty List
[info] - PairFinder.task_algorithm() should return different output than Mock
[info] FileIOTests:
[info] - FileIO.readTxtFile should print Couldn't find that file.
[info] - FileIO.readTxtFile should return lines from valid input file
[info] - FileIO.readTxtFile should convert string into List[Int]
[info] Run completed in 1 second, 392 milliseconds.
[info] Total number of tests run: 6
[info] Suites: completed 2, aborted 0
[info] Tests: succeeded 6, failed 0, canceled 0, ignored 0, pending 0
[info] All tests passed.
[success] Total time: 37 s, completed 28 lip 2022, 21:14:16
[debug] > Exec(idea-shell, None, None)
